<?xml version="1.0" encoding="UTF-8"?>
<!-- Generated by org.testng.reporters.JUnitReportReporter -->
<testsuite hostname="Nihar" failures="0" tests="1" name="E_ShopWell.Test.OrderProduct" time="17.120" errors="0" timestamp="2023-08-13T18:49:35 IST" skipped="0">
  <testcase classname="E_ShopWell.Test.OrderProduct" name="submitOrder" time="17.120"/>
  <system-out/>
</testsuite> <!-- E_ShopWell.Test.OrderProduct -->
